
====================================================================================================

  (Run Starting)

  ┌────────────────────────────────────────────────────────────────────────────────────────────────┐
  │ Cypress:        12.12.0                                                                        │
  │ Browser:        Electron 106 (headless)                                                        │
  │ Node Version:   v18.7.0 (/home/max/.asdf/installs/nodejs/18.7.0/bin/node)                      │
  │ Specs:          25 found (1-visual-test.cy.ts, about.cy.ts, add-data-widget.cy.ts, alert-messa │
  │                 ge.cy.ts, aquatic_life.cy.ts, attains.cy.ts, community.IdentifiedIssues.cy.ts, │
  │                  community.Monitoring.cy.ts, community.Overview.cy.ts, community.Protect.cy.ts │
  │                 , community.Restore.cy....)                                                    │
  │ Searched:       cypress/e2e/**/*.cy.{js,jsx,ts,tsx}                                            │
  └────────────────────────────────────────────────────────────────────────────────────────────────┘


────────────────────────────────────────────────────────────────────────────────────────────────────
                                                                                                    
  Running:  1-visual-test.cy.ts                                                            (1 of 25)


  Community Visual Regression Testing
    ✓ Verify DC GIS data displays correctly (29865ms)
    (Attempt 1 of 2) Verify the switches on Identified Issues correctly update the GIS data
    1) Verify the switches on Identified Issues correctly update the GIS data
    ✓ Verify shading of huc boundaries is turned off when wsio layer is on (64413ms)
    ✓ Verify "View on Map" button works (56201ms)
    ✓ Verify toggling on surrounding streamgages works (60481ms)

  State Visual Regression Testing
    ✓ Verify state waters assessed chart (32987ms)
    ✓ Verify state surveys chart (17286ms)


  6 passing (7m)
  1 failing

  1) Community Visual Regression Testing
       Verify the switches on Identified Issues correctly update the GIS data:
     AssertionError: Timed out retrying after 8000ms: Expected to find element: `input[aria-label="Toggle all impairment categories"]`, but never found it.
      at Context.eval (webpack:///./cypress/e2e/1-visual-test.cy.ts:18:0)




  (Results)

  ┌────────────────────────────────────────────────────────────────────────────────────────────────┐
  │ Tests:        7                                                                                │
  │ Passing:      6                                                                                │
  │ Failing:      1                                                                                │
  │ Pending:      0                                                                                │
  │ Skipped:      0                                                                                │
  │ Screenshots:  11                                                                               │
  │ Video:        true                                                                             │
  │ Duration:     6 minutes, 35 seconds                                                            │
  │ Spec Ran:     1-visual-test.cy.ts                                                              │
  └────────────────────────────────────────────────────────────────────────────────────────────────┘


  (Screenshots)

  -  /home/max/Dropbox/work/erg/projects/hmw/mywaterway/app/cypress/snapshots/1-visua      (606x584)
     l-test.cy.ts/__diff_output__/chromium-verify-dc-gis-display.diff.png                           
  -  /home/max/Dropbox/work/erg/projects/hmw/mywaterway/app/cypress/snapshots/1-visua      (606x585)
     l-test.cy.ts/__diff_output__/chromium-dc-all-impairment-categories.diff.png                    
  -  /home/max/Dropbox/work/erg/projects/hmw/mywaterway/app/cypress/screenshots/1-vis     (1280x720)
     ual-test.cy.ts/Community Visual Regression Testing -- Verify the switches on Ide               
     ntified Issues correctly update the GIS data (failed).png                                      
  -  /home/max/Dropbox/work/erg/projects/hmw/mywaterway/app/cypress/screenshots/1-vis     (1280x720)
     ual-test.cy.ts/Community Visual Regression Testing -- Verify the switches on Ide               
     ntified Issues correctly update the GIS data (failed) (attempt 2).png                          
  -  /home/max/Dropbox/work/erg/projects/hmw/mywaterway/app/cypress/snapshots/1-visua      (606x585)
     l-test.cy.ts/__diff_output__/chromium-verify-huc-boundary-shading.diff.png                     
  -  /home/max/Dropbox/work/erg/projects/hmw/mywaterway/app/cypress/snapshots/1-visua      (606x585)
     l-test.cy.ts/__diff_output__/chromium-verify-huc-boundary-wsio-no-shading.diff.p               
     ng                                                                                             
  -  /home/max/Dropbox/work/erg/projects/hmw/mywaterway/app/cypress/snapshots/1-visua      (606x585)
     l-test.cy.ts/__diff_output__/chromium-verify-view-on-map-button-waterbody-popup.               
     diff.png                                                                                       
  -  /home/max/Dropbox/work/erg/projects/hmw/mywaterway/app/cypress/snapshots/1-visua      (606x585)
     l-test.cy.ts/__diff_output__/chromium-tucson-surrounding-streamgages.diff.png                  
  -  /home/max/Dropbox/work/erg/projects/hmw/mywaterway/app/cypress/snapshots/1-visua     (1010x180)
     l-test.cy.ts/__diff_output__/chromium-verify-assessed-less-than-1-chart-display.               
     diff.png                                                                                       
  -  /home/max/Dropbox/work/erg/projects/hmw/mywaterway/app/cypress/snapshots/1-visua     (1010x180)
     l-test.cy.ts/chromium-verify-assessed-chart-display.snap.png                                   
  -  /home/max/Dropbox/work/erg/projects/hmw/mywaterway/app/cypress/snapshots/1-visua     (1010x300)
     l-test.cy.ts/chromium-verify-surveys-chart-display.snap.png                                    


  (Video)

  -  Started processing:  Compressing to 32 CRF                                                     
    Compression progress:  30%
    Compression progress:  59%
    Compression progress:  89%
  -  Finished processing: 35 seconds                                                 

  -  Video output: /home/max/Dropbox/work/erg/projects/hmw/mywaterway/app/cypress/videos/1-visual-test.cy.ts.mp4


────────────────────────────────────────────────────────────────────────────────────────────────────
                                                                                                    
  Running:  about.cy.ts                                                                    (2 of 25)


  About page
    ✓ Back button works (26706ms)
    ✓ Test navigating to about page (2684ms)


  2 passing (34s)


  (Results)

  ┌────────────────────────────────────────────────────────────────────────────────────────────────┐
  │ Tests:        2                                                                                │
  │ Passing:      2                                                                                │
  │ Failing:      0                                                                                │
  │ Pending:      0                                                                                │
  │ Skipped:      0                                                                                │
  │ Screenshots:  0                                                                                │
  │ Video:        true                                                                             │
  │ Duration:     34 seconds                                                                       │
  │ Spec Ran:     about.cy.ts                                                                      │
  └────────────────────────────────────────────────────────────────────────────────────────────────┘


  (Video)

  -  Started processing:  Compressing to 32 CRF                                                     
  -  Finished processing: 3 seconds                                                  

  -  Video output: /home/max/Dropbox/work/erg/projects/hmw/mywaterway/app/cypress/videos/about.cy.ts.mp4


────────────────────────────────────────────────────────────────────────────────────────────────────
                                                                                                    
  Running:  add-data-widget.cy.ts                                                          (3 of 25)


  Add & Save Data Widget
    ✓ Verify disclaimer modal works (8761ms)
    ✓ Test add data widget tab navigation (7014ms)
    ✓ Test search feature (21942ms)
    ✓ Test URL feature (72198ms)
    ✓ Test File upload feature (22857ms)
    ✓ Test file upload errors (7246ms)
    ✓ Test that save panel switches align with currently visible layers (33011ms)
    (Attempt 1 of 2) Test that the save panel includes layers added from the widget's other tabs

We detected that the Chromium Renderer process just crashed.

This can happen for a number of different reasons.

If you're running lots of tests on a memory intense application.
  - Try increasing the CPU/memory on the machine you're running on.
  - Try enabling experimentalMemoryManagement in your config file.
  - Try lowering numTestsKeptInMemory in your config file during 'cypress open'.

You can learn more here:

https://on.cypress.io/renderer-process-crashed
Renderer process crashed - see https://www.electronjs.org/docs/tutorial/application-debugging for potential debugging information.

  (Results)

  ┌────────────────────────────────────────────────────────────────────────────────────────────────┐
  │ Tests:        0                                                                                │
  │ Passing:      0                                                                                │
  │ Failing:      1                                                                                │
  │ Pending:      0                                                                                │
  │ Skipped:      0                                                                                │
  │ Screenshots:  0                                                                                │
  │ Video:        true                                                                             │
  │ Duration:     0 seconds                                                                        │
  │ Spec Ran:     add-data-widget.cy.ts                                                            │
  └────────────────────────────────────────────────────────────────────────────────────────────────┘


  (Video)

  -  Started processing:  Compressing to 32 CRF                                                     
    Compression progress:  36%
    Compression progress:  72%
  -  Finished processing: 27 seconds                                                 

  -  Video output: /home/max/Dropbox/work/erg/projects/hmw/mywaterway/app/cypress/videos/add-data-widget.cy.ts.mp4


────────────────────────────────────────────────────────────────────────────────────────────────────
                                                                                                    
  Running:  alert-message.cy.ts                                                            (4 of 25)
